timestamp: 2012-03-11T09:53:33.527000
CREATE TABLE Barcode(
    id INTEGER PRIMARY KEY AUTOINCREMENT,
    Barcode CHAR(512) UNIQUE,
    Auth TEXT,
    Comment TEXT,
    Seller TEXT,
    Livre TEXT,
    Musique TEXT,
    Video TEXT,
    Figur TEXT,
    Goodie TEXT,
    VideoGame TEXT
);
success!
timestamp: 2012-03-11T09:55:26.849000
ALTER TABLE Barcode ADD auth_user TEXT;
timestamp: 2012-03-11T10:02:03.590000
CREATE TABLE auth_user(
    id INTEGER PRIMARY KEY AUTOINCREMENT,
    first_name CHAR(128),
    last_name CHAR(128),
    email CHAR(512),
    password CHAR(512),
    registration_key CHAR(512),
    reset_password_key CHAR(512),
    registration_id CHAR(512)
);
success!
timestamp: 2012-03-11T10:02:03.624000
CREATE TABLE auth_group(
    id INTEGER PRIMARY KEY AUTOINCREMENT,
    role CHAR(512),
    description TEXT
);
success!
timestamp: 2012-03-11T10:02:03.667000
CREATE TABLE auth_membership(
    id INTEGER PRIMARY KEY AUTOINCREMENT,
    user_id INTEGER REFERENCES auth_user(id) ON DELETE CASCADE,
    group_id INTEGER REFERENCES auth_group(id) ON DELETE CASCADE
);
success!
timestamp: 2012-03-11T10:02:03.710000
CREATE TABLE auth_permission(
    id INTEGER PRIMARY KEY AUTOINCREMENT,
    group_id INTEGER REFERENCES auth_group(id) ON DELETE CASCADE,
    name CHAR(512),
    table_name CHAR(512),
    record_id INTEGER
);
success!
timestamp: 2012-03-11T10:02:03.757000
CREATE TABLE auth_event(
    id INTEGER PRIMARY KEY AUTOINCREMENT,
    time_stamp TIMESTAMP,
    client_ip CHAR(512),
    user_id INTEGER REFERENCES auth_user(id) ON DELETE CASCADE,
    origin CHAR(512),
    description TEXT
);
success!
timestamp: 2012-03-11T10:02:03.801000
CREATE TABLE auth_cas(
    id INTEGER PRIMARY KEY AUTOINCREMENT,
    user_id INTEGER REFERENCES auth_user(id) ON DELETE CASCADE,
    created_on TIMESTAMP,
    service CHAR(512),
    ticket CHAR(512),
    renew CHAR(1)
);
success!
timestamp: 2012-03-11T10:02:03.927000
CREATE TABLE Comment(
    id INTEGER PRIMARY KEY AUTOINCREMENT,
    Name CHAR(512) UNIQUE,
    Texte CHAR(512),
    Vote INTEGER,
    auth_user INTEGER REFERENCES auth_user(id) ON DELETE CASCADE
);
success!
timestamp: 2012-03-11T10:02:03.982000
CREATE TABLE Convention(
    id INTEGER PRIMARY KEY AUTOINCREMENT,
    Nom CHAR(512) UNIQUE,
    Localisation TEXT,
    auth_user TEXT,
    Comment TEXT,
    Seller TEXT,
    Livre TEXT,
    Musique TEXT,
    Video TEXT,
    Figur TEXT,
    Goodie TEXT,
    Link TEXT,
    Tag TEXT
);
success!
timestamp: 2012-03-11T10:02:04.012000
CREATE TABLE auth_useror(
    id INTEGER PRIMARY KEY AUTOINCREMENT,
    Nom CHAR(512) UNIQUE,
    Tag TEXT
);
success!
timestamp: 2012-03-11T10:02:04.041000
CREATE TABLE Character(
    id INTEGER PRIMARY KEY AUTOINCREMENT,
    Nom CHAR(512) UNIQUE,
    Tag TEXT
);
success!
timestamp: 2012-03-11T10:02:04.102000
CREATE TABLE Figur(
    id INTEGER PRIMARY KEY AUTOINCREMENT,
    Name CHAR(512) UNIQUE,
    Date CHAR(512),
    Characters TEXT,
    auth_userors TEXT,
    Tag TEXT,
    Price TEXT,
    Seller TEXT,
    Convention TEXT,
    Vote TEXT,
    BarCode TEXT,
    Comment TEXT,
    Link TEXT
);
success!
timestamp: 2012-03-11T10:02:04.129000
CREATE TABLE TypeMusic(
    id INTEGER PRIMARY KEY AUTOINCREMENT,
    Nom CHAR(512) UNIQUE
);
success!
timestamp: 2012-03-11T10:02:04.188000
CREATE TABLE Music(
    id INTEGER PRIMARY KEY AUTOINCREMENT,
    Name CHAR(512) UNIQUE,
    Date CHAR(512),
    auth_userors TEXT,
    Tag TEXT,
    Price TEXT,
    Seller TEXT,
    Convention TEXT,
    Vote TEXT,
    BarCode TEXT,
    Comment TEXT,
    Link TEXT
);
success!
timestamp: 2012-03-11T10:02:04.219000
CREATE TABLE TypeVideo(
    id INTEGER PRIMARY KEY AUTOINCREMENT,
    Nom CHAR(512) UNIQUE
);
success!
timestamp: 2012-03-11T10:02:04.276000
CREATE TABLE Video(
    id INTEGER PRIMARY KEY AUTOINCREMENT,
    Name CHAR(512) UNIQUE,
    Date CHAR(512),
    auth_userors TEXT,
    Tag TEXT,
    Price TEXT,
    Seller TEXT,
    Convention TEXT,
    Vote TEXT,
    BarCode TEXT,
    Comment TEXT,
    Link TEXT
);
success!
timestamp: 2012-03-11T10:02:04.363000
CREATE TABLE TypeVideoGame(
    id INTEGER PRIMARY KEY AUTOINCREMENT,
    Nom CHAR(512) UNIQUE
);
success!
timestamp: 2012-03-11T10:02:04.422000
CREATE TABLE VideoGame(
    id INTEGER PRIMARY KEY AUTOINCREMENT,
    Name CHAR(512) UNIQUE,
    Date CHAR(512),
    auth_userors TEXT,
    Tag TEXT,
    Price TEXT,
    Seller TEXT,
    Convention TEXT,
    Vote TEXT,
    BarCode TEXT,
    Comment TEXT,
    Link TEXT
);
success!
timestamp: 2012-03-11T10:02:04.450000
CREATE TABLE TypeBook(
    id INTEGER PRIMARY KEY AUTOINCREMENT,
    Nom CHAR(512) UNIQUE
);
success!
timestamp: 2012-03-11T10:02:04.507000
CREATE TABLE Book(
    id INTEGER PRIMARY KEY AUTOINCREMENT,
    Name CHAR(512) UNIQUE,
    Date CHAR(512),
    auth_userors TEXT,
    Tag TEXT,
    Price TEXT,
    Seller TEXT,
    Convention TEXT,
    Vote TEXT,
    BarCode TEXT,
    Comment TEXT,
    Link TEXT
);
success!
timestamp: 2012-03-11T10:02:04.535000
CREATE TABLE TypeGoodie(
    id INTEGER PRIMARY KEY AUTOINCREMENT,
    Nom CHAR(512) UNIQUE
);
success!
timestamp: 2012-03-11T10:02:04.596000
CREATE TABLE Goodie(
    id INTEGER PRIMARY KEY AUTOINCREMENT,
    Name CHAR(512) UNIQUE,
    Date CHAR(512),
    auth_userors TEXT,
    Tag TEXT,
    Price TEXT,
    Seller TEXT,
    Convention TEXT,
    Vote TEXT,
    BarCode TEXT,
    Comment TEXT,
    Link TEXT
);
success!
timestamp: 2012-03-11T10:02:04.628000
CREATE TABLE GPS(
    id INTEGER PRIMARY KEY AUTOINCREMENT,
    GPS CHAR(512) UNIQUE,
    Tag TEXT
);
success!
timestamp: 2012-03-11T10:02:04.656000
CREATE TABLE GeoHash(
    id INTEGER PRIMARY KEY AUTOINCREMENT,
    GeoHash CHAR(512) UNIQUE,
    Tag TEXT
);
success!
timestamp: 2012-03-11T10:02:04.687000
CREATE TABLE OpenStreetMap(
    id INTEGER PRIMARY KEY AUTOINCREMENT,
    OpenStreetMap CHAR(512) UNIQUE,
    Tag TEXT
);
success!
timestamp: 2012-03-11T10:02:04.732000
CREATE TABLE Country(
    id INTEGER PRIMARY KEY AUTOINCREMENT,
    Name CHAR(512) UNIQUE,
    Link TEXT,
    GPS TEXT,
    GeoHash TEXT,
    OpenStreetMap TEXT
);
success!
timestamp: 2012-03-11T10:02:04.775000
CREATE TABLE State(
    id INTEGER PRIMARY KEY AUTOINCREMENT,
    Name CHAR(512) UNIQUE,
    Link TEXT,
    GPS TEXT,
    GeoHash TEXT,
    OpenStreetMap TEXT
);
success!
timestamp: 2012-03-11T10:02:04.825000
CREATE TABLE Region(
    id INTEGER PRIMARY KEY AUTOINCREMENT,
    Name CHAR(512) UNIQUE,
    Link TEXT,
    GPS TEXT,
    GeoHash TEXT,
    OpenStreetMap TEXT
);
success!
timestamp: 2012-03-11T10:02:04.871000
CREATE TABLE City(
    id INTEGER PRIMARY KEY AUTOINCREMENT,
    Name CHAR(512) UNIQUE,
    Link TEXT,
    GPS TEXT,
    GeoHash TEXT,
    OpenStreetMap TEXT
);
success!
timestamp: 2012-03-11T10:02:04.912000
CREATE TABLE Adress(
    id INTEGER PRIMARY KEY AUTOINCREMENT,
    Name CHAR(512) UNIQUE,
    Number CHAR(512) UNIQUE,
    Link TEXT,
    GPS TEXT,
    GeoHash TEXT,
    OpenStreetMap TEXT
);
success!
timestamp: 2012-03-11T10:02:04.959000
CREATE TABLE PostalCode(
    id INTEGER PRIMARY KEY AUTOINCREMENT,
    Name CHAR(512) UNIQUE,
    Number CHAR(512) UNIQUE,
    Link TEXT,
    GPS TEXT,
    GeoHash TEXT,
    OpenStreetMap TEXT
);
success!
timestamp: 2012-03-11T10:02:05
CREATE TABLE Subway(
    id INTEGER PRIMARY KEY AUTOINCREMENT,
    Name CHAR(512) UNIQUE,
    Number CHAR(512) UNIQUE
);
success!
timestamp: 2012-03-11T10:02:05.031000
CREATE TABLE SubwayStation(
    id INTEGER PRIMARY KEY AUTOINCREMENT,
    Name CHAR(512) UNIQUE,
    Subway TEXT
);
success!
timestamp: 2012-03-11T10:02:05.064000
CREATE TABLE Bus(
    id INTEGER PRIMARY KEY AUTOINCREMENT,
    Name CHAR(512) UNIQUE,
    Number CHAR(512) UNIQUE
);
success!
timestamp: 2012-03-11T10:02:05.100000
CREATE TABLE BusStation(
    id INTEGER PRIMARY KEY AUTOINCREMENT,
    Name CHAR(512) UNIQUE,
    Subway TEXT
);
success!
timestamp: 2012-03-11T10:02:05.179000
CREATE TABLE Localisation(
    id INTEGER PRIMARY KEY AUTOINCREMENT,
    Name CHAR(512) UNIQUE,
    Link TEXT,
    GPS TEXT,
    GeoHash TEXT,
    OpenStreetMap TEXT,
    Country TEXT,
    State TEXT,
    Region TEXT,
    City TEXT,
    Adress TEXT,
    PostalCode TEXT,
    SubwayStation TEXT,
    BusStation TEXT
);
success!
timestamp: 2012-03-11T10:02:05.220000
CREATE TABLE image(
    id INTEGER PRIMARY KEY AUTOINCREMENT,
    title CHAR(512) UNIQUE,
    file CHAR(512)
);
success!
timestamp: 2012-03-11T10:35:53.330000
CREATE TABLE Cour(
    id INTEGER PRIMARY KEY AUTOINCREMENT,
    Price DOUBLE
);
success!
timestamp: 2012-03-11T10:35:53.347000
CREATE TABLE Currency(
    id INTEGER PRIMARY KEY AUTOINCREMENT,
    Name CHAR(512) UNIQUE,
    Cour INTEGER REFERENCES Cour(id) ON DELETE CASCADE
);
success!
timestamp: 2012-03-11T10:35:53.386000
CREATE TABLE Price(
    id INTEGER PRIMARY KEY AUTOINCREMENT,
    Name CHAR(512),
    Currency INTEGER REFERENCES Currency(id) ON DELETE CASCADE,
    Amount DOUBLE
);
success!
timestamp: 2012-03-11T10:35:53.412000
CREATE TABLE Seller(
    id INTEGER PRIMARY KEY AUTOINCREMENT,
    Name CHAR(512) UNIQUE,
    Date CHAR(512),
    Localisation TEXT,
    Tag TEXT,
    Comment TEXT,
    Link TEXT
);
success!
timestamp: 2012-03-11T10:35:53.430000
CREATE TABLE FamilleTag(
    id INTEGER PRIMARY KEY AUTOINCREMENT,
    Name CHAR(512) UNIQUE,
    Tag TEXT
);
success!
timestamp: 2012-03-11T10:35:53.445000
CREATE TABLE Tag(
    id INTEGER PRIMARY KEY AUTOINCREMENT,
    Name CHAR(512) UNIQUE
);
success!
timestamp: 2012-03-11T10:35:53.463000
CREATE TABLE AssoTag(
    id INTEGER PRIMARY KEY AUTOINCREMENT,
    Name CHAR(512) UNIQUE,
    Tag TEXT,
    FamilleTag TEXT
);
success!
timestamp: 2012-03-11T10:35:53.485000
CREATE TABLE VoteHK(
    id INTEGER PRIMARY KEY AUTOINCREMENT,
    auth_user INTEGER REFERENCES auth_user(id) ON DELETE CASCADE
);
success!
timestamp: 2012-03-11T10:35:53.503000
CREATE TABLE VoteNonHK(
    id INTEGER PRIMARY KEY AUTOINCREMENT,
    auth_user INTEGER REFERENCES auth_user(id) ON DELETE CASCADE
);
success!
timestamp: 2012-03-11T10:35:53.517000
CREATE TABLE VoteAskHK(
    id INTEGER PRIMARY KEY AUTOINCREMENT,
    auth_user INTEGER REFERENCES auth_user(id) ON DELETE CASCADE
);
success!
